#! /c/Source/iverilog-install/bin/vvp
:ivl_version "12.0 (devel)" "(s20150603-1539-g2693dd32b)";
:ivl_delay_selection "TYPICAL";
:vpi_time_precision - 10;
:vpi_module "C:\iverilog\lib\ivl\system.vpi";
:vpi_module "C:\iverilog\lib\ivl\vhdl_sys.vpi";
:vpi_module "C:\iverilog\lib\ivl\vhdl_textio.vpi";
:vpi_module "C:\iverilog\lib\ivl\v2005_math.vpi";
:vpi_module "C:\iverilog\lib\ivl\va_math.vpi";
S_000001e00caac170 .scope module, "multiplexador_tb" "multiplexador_tb" 2 4;
 .timescale -9 -10;
v000001e00caf34b0_0 .var "e1", 0 0;
v000001e00caf3a50_0 .var "e2", 0 0;
v000001e00caf3550_0 .var "e3", 0 0;
v000001e00caf3af0_0 .var "e4", 0 0;
v000001e00caf3b90_0 .var "s0", 0 0;
v000001e00cb44560_0 .var "s1", 0 0;
v000001e00cb44d80_0 .net "x", 0 0, L_000001e00caf42f0;  1 drivers
S_000001e00caac300 .scope begin, "$ivl_for_loop0" "$ivl_for_loop0" 2 14, 2 14 0, S_000001e00caac170;
 .timescale -9 -10;
v000001e00cac2770_0 .var/i "i", 31 0;
S_000001e00cb43870 .scope module, "uut" "multiplexador" 2 8, 3 1 0, S_000001e00caac170;
 .timescale 0 0;
    .port_info 0 /INPUT 1 "e1";
    .port_info 1 /INPUT 1 "e2";
    .port_info 2 /INPUT 1 "e3";
    .port_info 3 /INPUT 1 "e4";
    .port_info 4 /INPUT 1 "s0";
    .port_info 5 /INPUT 1 "s1";
    .port_info 6 /OUTPUT 1 "x";
L_000001e00caf4360 .functor NOT 1, v000001e00caf3b90_0, C4<0>, C4<0>, C4<0>;
L_000001e00caf43d0 .functor NOT 1, v000001e00cb44560_0, C4<0>, C4<0>, C4<0>;
L_000001e00caf4440 .functor AND 1, L_000001e00caf4360, L_000001e00caf43d0, C4<1>, C4<1>;
L_000001e00caf3e90 .functor AND 1, L_000001e00caf4440, v000001e00caf34b0_0, C4<1>, C4<1>;
L_000001e00caf3d40 .functor NOT 1, v000001e00cb44560_0, C4<0>, C4<0>, C4<0>;
L_000001e00caf4280 .functor AND 1, v000001e00caf3b90_0, L_000001e00caf3d40, C4<1>, C4<1>;
L_000001e00caf3db0 .functor AND 1, L_000001e00caf4280, v000001e00caf3a50_0, C4<1>, C4<1>;
L_000001e00caf3e20 .functor OR 1, L_000001e00caf3e90, L_000001e00caf3db0, C4<0>, C4<0>;
L_000001e00caf3f00 .functor NOT 1, v000001e00caf3b90_0, C4<0>, C4<0>, C4<0>;
L_000001e00caf4050 .functor AND 1, L_000001e00caf3f00, v000001e00cb44560_0, C4<1>, C4<1>;
L_000001e00caf3f70 .functor AND 1, L_000001e00caf4050, v000001e00caf3550_0, C4<1>, C4<1>;
L_000001e00caf3fe0 .functor OR 1, L_000001e00caf3e20, L_000001e00caf3f70, C4<0>, C4<0>;
L_000001e00caf40c0 .functor AND 1, v000001e00caf3b90_0, v000001e00cb44560_0, C4<1>, C4<1>;
L_000001e00caf4210 .functor AND 1, L_000001e00caf40c0, v000001e00caf3af0_0, C4<1>, C4<1>;
L_000001e00caf42f0 .functor OR 1, L_000001e00caf3fe0, L_000001e00caf4210, C4<0>, C4<0>;
v000001e00cb43a00_0 .net *"_ivl_0", 0 0, L_000001e00caf4360;  1 drivers
v000001e00caf3230_0 .net *"_ivl_10", 0 0, L_000001e00caf4280;  1 drivers
v000001e00caf3190_0 .net *"_ivl_12", 0 0, L_000001e00caf3db0;  1 drivers
v000001e00caf3c30_0 .net *"_ivl_14", 0 0, L_000001e00caf3e20;  1 drivers
v000001e00caf3910_0 .net *"_ivl_16", 0 0, L_000001e00caf3f00;  1 drivers
v000001e00caf2d30_0 .net *"_ivl_18", 0 0, L_000001e00caf4050;  1 drivers
v000001e00caf2dd0_0 .net *"_ivl_2", 0 0, L_000001e00caf43d0;  1 drivers
v000001e00caf3730_0 .net *"_ivl_20", 0 0, L_000001e00caf3f70;  1 drivers
v000001e00caf2e70_0 .net *"_ivl_22", 0 0, L_000001e00caf3fe0;  1 drivers
v000001e00caf3050_0 .net *"_ivl_24", 0 0, L_000001e00caf40c0;  1 drivers
v000001e00caf3410_0 .net *"_ivl_26", 0 0, L_000001e00caf4210;  1 drivers
v000001e00caf37d0_0 .net *"_ivl_4", 0 0, L_000001e00caf4440;  1 drivers
v000001e00caf2f10_0 .net *"_ivl_6", 0 0, L_000001e00caf3e90;  1 drivers
v000001e00caf35f0_0 .net *"_ivl_8", 0 0, L_000001e00caf3d40;  1 drivers
v000001e00caf3370_0 .net "e1", 0 0, v000001e00caf34b0_0;  1 drivers
v000001e00caf3690_0 .net "e2", 0 0, v000001e00caf3a50_0;  1 drivers
v000001e00caf3870_0 .net "e3", 0 0, v000001e00caf3550_0;  1 drivers
v000001e00caf2fb0_0 .net "e4", 0 0, v000001e00caf3af0_0;  1 drivers
v000001e00caf39b0_0 .net "s0", 0 0, v000001e00caf3b90_0;  1 drivers
v000001e00caf30f0_0 .net "s1", 0 0, v000001e00cb44560_0;  1 drivers
v000001e00caf32d0_0 .net "x", 0 0, L_000001e00caf42f0;  alias, 1 drivers
    .scope S_000001e00caac170;
T_0 ;
    %vpi_call 2 11 "$dumpfile", "multiplexador.vcd" {0 0 0};
    %vpi_call 2 12 "$dumpvars", 32'sb00000000000000000000000000000000, S_000001e00caac170 {0 0 0};
    %pushi/vec4 0, 0, 1;
    %store/vec4 v000001e00cb44560_0, 0, 1;
    %pushi/vec4 0, 0, 1;
    %store/vec4 v000001e00caf3b90_0, 0, 1;
    %pushi/vec4 0, 0, 1;
    %store/vec4 v000001e00caf34b0_0, 0, 1;
    %pushi/vec4 0, 0, 1;
    %store/vec4 v000001e00caf3a50_0, 0, 1;
    %pushi/vec4 0, 0, 1;
    %store/vec4 v000001e00caf3550_0, 0, 1;
    %pushi/vec4 0, 0, 1;
    %store/vec4 v000001e00caf3af0_0, 0, 1;
    %delay 100, 0;
    %fork t_1, S_000001e00caac300;
    %jmp t_0;
    .scope S_000001e00caac300;
t_1 ;
    %pushi/vec4 0, 0, 32;
    %store/vec4 v000001e00cac2770_0, 0, 32;
T_0.0 ;
    %load/vec4 v000001e00cac2770_0;
    %cmpi/s 64, 0, 32;
    %jmp/0xz T_0.1, 5;
    %load/vec4 v000001e00cac2770_0;
    %addi 1, 0, 32;
    %pad/s 6;
    %split/vec4 1;
    %store/vec4 v000001e00caf3af0_0, 0, 1;
    %split/vec4 1;
    %store/vec4 v000001e00caf3550_0, 0, 1;
    %split/vec4 1;
    %store/vec4 v000001e00caf3a50_0, 0, 1;
    %split/vec4 1;
    %store/vec4 v000001e00caf34b0_0, 0, 1;
    %split/vec4 1;
    %store/vec4 v000001e00caf3b90_0, 0, 1;
    %store/vec4 v000001e00cb44560_0, 0, 1;
    %delay 100, 0;
    ; show_stmt_assign_vector: Get l-value for compressed += operand
    %load/vec4 v000001e00cac2770_0;
    %pushi/vec4 1, 0, 32;
    %add;
    %store/vec4 v000001e00cac2770_0, 0, 32;
    %jmp T_0.0;
T_0.1 ;
    %end;
    .scope S_000001e00caac170;
t_0 %join;
    %end;
    .thread T_0;
# The file index is used to find the file name in the following table.
:file_names 4;
    "N/A";
    "<interactive>";
    "multiplexador_tb.v";
    "./multiplexador.v";
