#! /c/Source/iverilog-install/bin/vvp
:ivl_version "12.0 (devel)" "(s20150603-1539-g2693dd32b)";
:ivl_delay_selection "TYPICAL";
:vpi_time_precision - 10;
:vpi_module "C:\iverilog\lib\ivl\system.vpi";
:vpi_module "C:\iverilog\lib\ivl\vhdl_sys.vpi";
:vpi_module "C:\iverilog\lib\ivl\vhdl_textio.vpi";
:vpi_module "C:\iverilog\lib\ivl\v2005_math.vpi";
:vpi_module "C:\iverilog\lib\ivl\va_math.vpi";
S_00000284f6aea0d0 .scope module, "paridade_par_tb" "paridade_par_tb" 2 4;
 .timescale -9 -10;
v00000284f6aeba40_0 .var "a0", 0 0;
v00000284f6aebae0_0 .var "b0", 0 0;
v00000284f6aebb80_0 .var "c0", 0 0;
v00000284f6aebc20_0 .net "s0", 0 0, L_00000284f6aea260;  1 drivers
S_00000284f6ba5240 .scope module, "uut" "paridade_par" 2 8, 3 1 0, S_00000284f6aea0d0;
 .timescale 0 0;
    .port_info 0 /INPUT 1 "a";
    .port_info 1 /INPUT 1 "b";
    .port_info 2 /INPUT 1 "c";
    .port_info 3 /OUTPUT 1 "s";
L_00000284f6ba5650 .functor XOR 1, v00000284f6aeba40_0, v00000284f6aebae0_0, C4<0>, C4<0>;
L_00000284f6b72bb0 .functor NOT 1, L_00000284f6ba5650, C4<0>, C4<0>, C4<0>;
L_00000284f6aea260 .functor XOR 1, L_00000284f6b72bb0, v00000284f6aebb80_0, C4<0>, C4<0>;
v00000284f6ba53d0_0 .net *"_ivl_0", 0 0, L_00000284f6ba5650;  1 drivers
v00000284f6ba5470_0 .net *"_ivl_2", 0 0, L_00000284f6b72bb0;  1 drivers
v00000284f6ba5510_0 .net "a", 0 0, v00000284f6aeba40_0;  1 drivers
v00000284f6ba55b0_0 .net "b", 0 0, v00000284f6aebae0_0;  1 drivers
v00000284f6aeb900_0 .net "c", 0 0, v00000284f6aebb80_0;  1 drivers
v00000284f6aeb9a0_0 .net "s", 0 0, L_00000284f6aea260;  alias, 1 drivers
    .scope S_00000284f6aea0d0;
T_0 ;
    %vpi_call 2 11 "$dumpfile", "paridade_par.vcd" {0 0 0};
    %vpi_call 2 12 "$dumpvars", 32'sb00000000000000000000000000000000, S_00000284f6aea0d0 {0 0 0};
    %pushi/vec4 0, 0, 1;
    %store/vec4 v00000284f6aeba40_0, 0, 1;
    %pushi/vec4 0, 0, 1;
    %store/vec4 v00000284f6aebae0_0, 0, 1;
    %pushi/vec4 0, 0, 1;
    %store/vec4 v00000284f6aebb80_0, 0, 1;
    %delay 100, 0;
    %pushi/vec4 0, 0, 1;
    %store/vec4 v00000284f6aeba40_0, 0, 1;
    %pushi/vec4 0, 0, 1;
    %store/vec4 v00000284f6aebae0_0, 0, 1;
    %pushi/vec4 1, 0, 1;
    %store/vec4 v00000284f6aebb80_0, 0, 1;
    %delay 100, 0;
    %pushi/vec4 0, 0, 1;
    %store/vec4 v00000284f6aeba40_0, 0, 1;
    %pushi/vec4 1, 0, 1;
    %store/vec4 v00000284f6aebae0_0, 0, 1;
    %pushi/vec4 0, 0, 1;
    %store/vec4 v00000284f6aebb80_0, 0, 1;
    %delay 100, 0;
    %pushi/vec4 0, 0, 1;
    %store/vec4 v00000284f6aeba40_0, 0, 1;
    %pushi/vec4 1, 0, 1;
    %store/vec4 v00000284f6aebae0_0, 0, 1;
    %pushi/vec4 1, 0, 1;
    %store/vec4 v00000284f6aebb80_0, 0, 1;
    %delay 100, 0;
    %pushi/vec4 1, 0, 1;
    %store/vec4 v00000284f6aeba40_0, 0, 1;
    %pushi/vec4 0, 0, 1;
    %store/vec4 v00000284f6aebae0_0, 0, 1;
    %pushi/vec4 0, 0, 1;
    %store/vec4 v00000284f6aebb80_0, 0, 1;
    %delay 100, 0;
    %pushi/vec4 1, 0, 1;
    %store/vec4 v00000284f6aeba40_0, 0, 1;
    %pushi/vec4 0, 0, 1;
    %store/vec4 v00000284f6aebae0_0, 0, 1;
    %pushi/vec4 1, 0, 1;
    %store/vec4 v00000284f6aebb80_0, 0, 1;
    %delay 100, 0;
    %pushi/vec4 1, 0, 1;
    %store/vec4 v00000284f6aeba40_0, 0, 1;
    %pushi/vec4 1, 0, 1;
    %store/vec4 v00000284f6aebae0_0, 0, 1;
    %pushi/vec4 0, 0, 1;
    %store/vec4 v00000284f6aebb80_0, 0, 1;
    %delay 100, 0;
    %pushi/vec4 1, 0, 1;
    %store/vec4 v00000284f6aeba40_0, 0, 1;
    %pushi/vec4 1, 0, 1;
    %store/vec4 v00000284f6aebae0_0, 0, 1;
    %pushi/vec4 1, 0, 1;
    %store/vec4 v00000284f6aebb80_0, 0, 1;
    %delay 100, 0;
    %vpi_call 2 21 "$finish" {0 0 0};
    %end;
    .thread T_0;
# The file index is used to find the file name in the following table.
:file_names 4;
    "N/A";
    "<interactive>";
    "paridade_par_tb.v";
    "./paridade_par.v";
