#! /c/Source/iverilog-install/bin/vvp
:ivl_version "12.0 (devel)" "(s20150603-1539-g2693dd32b)";
:ivl_delay_selection "TYPICAL";
:vpi_time_precision + 0;
:vpi_module "C:\iverilog\lib\ivl\system.vpi";
:vpi_module "C:\iverilog\lib\ivl\vhdl_sys.vpi";
:vpi_module "C:\iverilog\lib\ivl\vhdl_textio.vpi";
:vpi_module "C:\iverilog\lib\ivl\v2005_math.vpi";
:vpi_module "C:\iverilog\lib\ivl\va_math.vpi";
S_0000018b4efc2770 .scope module, "paridade_par" "paridade_par" 2 1;
 .timescale 0 0;
    .port_info 0 /INPUT 1 "a";
    .port_info 1 /INPUT 1 "b";
    .port_info 2 /INPUT 1 "c";
    .port_info 3 /OUTPUT 1 "s";
o0000018b4eff6fb8 .functor BUFZ 1, C4<z>; HiZ drive
o0000018b4eff6fe8 .functor BUFZ 1, C4<z>; HiZ drive
L_0000018b4efc2ff0 .functor XOR 1, o0000018b4eff6fb8, o0000018b4eff6fe8, C4<0>, C4<0>;
L_0000018b4efc3150 .functor NOT 1, L_0000018b4efc2ff0, C4<0>, C4<0>, C4<0>;
o0000018b4eff7018 .functor BUFZ 1, C4<z>; HiZ drive
L_0000018b4efc32b0 .functor XOR 1, L_0000018b4efc3150, o0000018b4eff7018, C4<0>, C4<0>;
v0000018b4efc2900_0 .net *"_ivl_0", 0 0, L_0000018b4efc2ff0;  1 drivers
v0000018b4efc29a0_0 .net *"_ivl_2", 0 0, L_0000018b4efc3150;  1 drivers
v0000018b4efc2a40_0 .net "a", 0 0, o0000018b4eff6fb8;  0 drivers
v0000018b4efc2ae0_0 .net "b", 0 0, o0000018b4eff6fe8;  0 drivers
v0000018b4f12e420_0 .net "c", 0 0, o0000018b4eff7018;  0 drivers
v0000018b4f12e4c0_0 .net "s", 0 0, L_0000018b4efc32b0;  1 drivers
# The file index is used to find the file name in the following table.
:file_names 3;
    "N/A";
    "<interactive>";
    "paridade_par.v";
