#! /c/Source/iverilog-install/bin/vvp
:ivl_version "12.0 (devel)" "(s20150603-1539-g2693dd32b)";
:ivl_delay_selection "TYPICAL";
:vpi_time_precision + 0;
:vpi_module "C:\iverilog\lib\ivl\system.vpi";
:vpi_module "C:\iverilog\lib\ivl\vhdl_sys.vpi";
:vpi_module "C:\iverilog\lib\ivl\vhdl_textio.vpi";
:vpi_module "C:\iverilog\lib\ivl\v2005_math.vpi";
:vpi_module "C:\iverilog\lib\ivl\va_math.vpi";
S_000002b870626d90 .scope module, "paridade_impar" "paridade_impar" 2 1;
 .timescale 0 0;
    .port_info 0 /INPUT 1 "a";
    .port_info 1 /INPUT 1 "b";
    .port_info 2 /INPUT 1 "c";
    .port_info 3 /OUTPUT 1 "s";
o000002b870627008 .functor BUFZ 1, C4<z>; HiZ drive
o000002b870627038 .functor BUFZ 1, C4<z>; HiZ drive
L_000002b8705f2ff0 .functor XOR 1, o000002b870627008, o000002b870627038, C4<0>, C4<0>;
o000002b870627068 .functor BUFZ 1, C4<z>; HiZ drive
L_000002b8705f3150 .functor XOR 1, L_000002b8705f2ff0, o000002b870627068, C4<0>, C4<0>;
v000002b870626f20_0 .net *"_ivl_0", 0 0, L_000002b8705f2ff0;  1 drivers
v000002b8705f2b70_0 .net "a", 0 0, o000002b870627008;  0 drivers
v000002b87076e830_0 .net "b", 0 0, o000002b870627038;  0 drivers
v000002b87076e8d0_0 .net "c", 0 0, o000002b870627068;  0 drivers
v000002b87076e970_0 .net "s", 0 0, L_000002b8705f3150;  1 drivers
# The file index is used to find the file name in the following table.
:file_names 3;
    "N/A";
    "<interactive>";
    "paridade_impar.v";
