#! /c/Source/iverilog-install/bin/vvp
:ivl_version "12.0 (devel)" "(s20150603-1539-g2693dd32b)";
:ivl_delay_selection "TYPICAL";
:vpi_time_precision - 10;
:vpi_module "C:\iverilog\lib\ivl\system.vpi";
:vpi_module "C:\iverilog\lib\ivl\vhdl_sys.vpi";
:vpi_module "C:\iverilog\lib\ivl\vhdl_textio.vpi";
:vpi_module "C:\iverilog\lib\ivl\v2005_math.vpi";
:vpi_module "C:\iverilog\lib\ivl\va_math.vpi";
S_00000263f9a1a3c0 .scope module, "paridade_impar_tb" "paridade_impar_tb" 2 4;
 .timescale -9 -10;
v00000263f9a655b0_0 .var "a0", 0 0;
v00000263f9a1b870_0 .var "b0", 0 0;
v00000263f9a1b910_0 .var "c0", 0 0;
v00000263f9a1b9b0_0 .net "s0", 0 0, L_00000263f9a69ce0;  1 drivers
S_00000263f9a65240 .scope module, "uut" "paridade_impar" 2 8, 3 1 0, S_00000263f9a1a3c0;
 .timescale 0 0;
    .port_info 0 /INPUT 1 "a";
    .port_info 1 /INPUT 1 "b";
    .port_info 2 /INPUT 1 "c";
    .port_info 3 /OUTPUT 1 "s";
L_00000263f9a65650 .functor XOR 1, v00000263f9a655b0_0, v00000263f9a1b870_0, C4<0>, C4<0>;
L_00000263f9a69ce0 .functor XOR 1, L_00000263f9a65650, v00000263f9a1b910_0, C4<0>, C4<0>;
v00000263f9a1a550_0 .net *"_ivl_0", 0 0, L_00000263f9a65650;  1 drivers
v00000263f9a69c40_0 .net "a", 0 0, v00000263f9a655b0_0;  1 drivers
v00000263f9a653d0_0 .net "b", 0 0, v00000263f9a1b870_0;  1 drivers
v00000263f9a65470_0 .net "c", 0 0, v00000263f9a1b910_0;  1 drivers
v00000263f9a65510_0 .net "s", 0 0, L_00000263f9a69ce0;  alias, 1 drivers
    .scope S_00000263f9a1a3c0;
T_0 ;
    %vpi_call 2 11 "$dumpfile", "paridade_impar.vcd" {0 0 0};
    %vpi_call 2 12 "$dumpvars", 32'sb00000000000000000000000000000000, S_00000263f9a1a3c0 {0 0 0};
    %pushi/vec4 0, 0, 1;
    %store/vec4 v00000263f9a655b0_0, 0, 1;
    %pushi/vec4 0, 0, 1;
    %store/vec4 v00000263f9a1b870_0, 0, 1;
    %pushi/vec4 0, 0, 1;
    %store/vec4 v00000263f9a1b910_0, 0, 1;
    %delay 100, 0;
    %pushi/vec4 0, 0, 1;
    %store/vec4 v00000263f9a655b0_0, 0, 1;
    %pushi/vec4 0, 0, 1;
    %store/vec4 v00000263f9a1b870_0, 0, 1;
    %pushi/vec4 1, 0, 1;
    %store/vec4 v00000263f9a1b910_0, 0, 1;
    %delay 100, 0;
    %pushi/vec4 0, 0, 1;
    %store/vec4 v00000263f9a655b0_0, 0, 1;
    %pushi/vec4 1, 0, 1;
    %store/vec4 v00000263f9a1b870_0, 0, 1;
    %pushi/vec4 0, 0, 1;
    %store/vec4 v00000263f9a1b910_0, 0, 1;
    %delay 100, 0;
    %pushi/vec4 0, 0, 1;
    %store/vec4 v00000263f9a655b0_0, 0, 1;
    %pushi/vec4 1, 0, 1;
    %store/vec4 v00000263f9a1b870_0, 0, 1;
    %pushi/vec4 1, 0, 1;
    %store/vec4 v00000263f9a1b910_0, 0, 1;
    %delay 100, 0;
    %pushi/vec4 1, 0, 1;
    %store/vec4 v00000263f9a655b0_0, 0, 1;
    %pushi/vec4 0, 0, 1;
    %store/vec4 v00000263f9a1b870_0, 0, 1;
    %pushi/vec4 0, 0, 1;
    %store/vec4 v00000263f9a1b910_0, 0, 1;
    %delay 100, 0;
    %pushi/vec4 1, 0, 1;
    %store/vec4 v00000263f9a655b0_0, 0, 1;
    %pushi/vec4 0, 0, 1;
    %store/vec4 v00000263f9a1b870_0, 0, 1;
    %pushi/vec4 1, 0, 1;
    %store/vec4 v00000263f9a1b910_0, 0, 1;
    %delay 100, 0;
    %pushi/vec4 1, 0, 1;
    %store/vec4 v00000263f9a655b0_0, 0, 1;
    %pushi/vec4 1, 0, 1;
    %store/vec4 v00000263f9a1b870_0, 0, 1;
    %pushi/vec4 0, 0, 1;
    %store/vec4 v00000263f9a1b910_0, 0, 1;
    %delay 100, 0;
    %pushi/vec4 1, 0, 1;
    %store/vec4 v00000263f9a655b0_0, 0, 1;
    %pushi/vec4 1, 0, 1;
    %store/vec4 v00000263f9a1b870_0, 0, 1;
    %pushi/vec4 1, 0, 1;
    %store/vec4 v00000263f9a1b910_0, 0, 1;
    %delay 100, 0;
    %vpi_call 2 21 "$finish" {0 0 0};
    %end;
    .thread T_0;
# The file index is used to find the file name in the following table.
:file_names 4;
    "N/A";
    "<interactive>";
    "paridade_impar_tb.v";
    "./paridade_impar.v";
