#! /c/Source/iverilog-install/bin/vvp
:ivl_version "12.0 (devel)" "(s20150603-1539-g2693dd32b)";
:ivl_delay_selection "TYPICAL";
:vpi_time_precision - 10;
:vpi_module "C:\iverilog\lib\ivl\system.vpi";
:vpi_module "C:\iverilog\lib\ivl\vhdl_sys.vpi";
:vpi_module "C:\iverilog\lib\ivl\vhdl_textio.vpi";
:vpi_module "C:\iverilog\lib\ivl\v2005_math.vpi";
:vpi_module "C:\iverilog\lib\ivl\va_math.vpi";
S_00000276f53eb170 .scope module, "somadorcompleto_tb" "somadorcompleto_tb" 2 4;
 .timescale -9 -10;
v00000276f54a3320_0 .var "a0", 0 0;
v00000276f54a3280_0 .var "b0", 0 0;
v00000276f54a3e60_0 .var "cin0", 0 0;
v00000276f54a3820_0 .net "cout0", 0 0, L_00000276f54f2710;  1 drivers
v00000276f54a4040_0 .net "s0", 0 0, L_00000276f54f24e0;  1 drivers
S_00000276f54a5b00 .scope module, "uut" "somadorcompleto" 2 8, 3 1 0, S_00000276f53eb170;
 .timescale 0 0;
    .port_info 0 /INPUT 1 "a";
    .port_info 1 /INPUT 1 "b";
    .port_info 2 /INPUT 1 "cin";
    .port_info 3 /OUTPUT 1 "s";
    .port_info 4 /OUTPUT 1 "cout";
L_00000276f54f2780 .functor XOR 1, v00000276f54a3320_0, v00000276f54a3280_0, C4<0>, C4<0>;
L_00000276f54f24e0 .functor XOR 1, L_00000276f54f2780, v00000276f54a3e60_0, C4<0>, C4<0>;
L_00000276f54f2470 .functor AND 1, v00000276f54a3320_0, v00000276f54a3280_0, C4<1>, C4<1>;
L_00000276f54f2400 .functor AND 1, v00000276f54a3320_0, v00000276f54a3e60_0, C4<1>, C4<1>;
L_00000276f54f20f0 .functor OR 1, L_00000276f54f2470, L_00000276f54f2400, C4<0>, C4<0>;
L_00000276f54f2550 .functor AND 1, v00000276f54a3280_0, v00000276f54a3e60_0, C4<1>, C4<1>;
L_00000276f54f2710 .functor OR 1, L_00000276f54f20f0, L_00000276f54f2550, C4<0>, C4<0>;
v00000276f53eb300_0 .net *"_ivl_0", 0 0, L_00000276f54f2780;  1 drivers
v00000276f5472b70_0 .net *"_ivl_10", 0 0, L_00000276f54f2550;  1 drivers
v00000276f54a5c90_0 .net *"_ivl_4", 0 0, L_00000276f54f2470;  1 drivers
v00000276f54a5d30_0 .net *"_ivl_6", 0 0, L_00000276f54f2400;  1 drivers
v00000276f54a5dd0_0 .net *"_ivl_8", 0 0, L_00000276f54f20f0;  1 drivers
v00000276f54a5e70_0 .net "a", 0 0, v00000276f54a3320_0;  1 drivers
v00000276f53eba60_0 .net "b", 0 0, v00000276f54a3280_0;  1 drivers
v00000276f53ebb00_0 .net "cin", 0 0, v00000276f54a3e60_0;  1 drivers
v00000276f53ebba0_0 .net "cout", 0 0, L_00000276f54f2710;  alias, 1 drivers
v00000276f53ebc40_0 .net "s", 0 0, L_00000276f54f24e0;  alias, 1 drivers
    .scope S_00000276f53eb170;
T_0 ;
    %vpi_call 2 11 "$dumpfile", "somadorcompleto.vcd" {0 0 0};
    %vpi_call 2 12 "$dumpvars", 32'sb00000000000000000000000000000000, S_00000276f53eb170 {0 0 0};
    %pushi/vec4 0, 0, 1;
    %store/vec4 v00000276f54a3320_0, 0, 1;
    %pushi/vec4 0, 0, 1;
    %store/vec4 v00000276f54a3280_0, 0, 1;
    %pushi/vec4 0, 0, 1;
    %store/vec4 v00000276f54a3e60_0, 0, 1;
    %delay 100, 0;
    %pushi/vec4 0, 0, 1;
    %store/vec4 v00000276f54a3320_0, 0, 1;
    %pushi/vec4 0, 0, 1;
    %store/vec4 v00000276f54a3280_0, 0, 1;
    %pushi/vec4 1, 0, 1;
    %store/vec4 v00000276f54a3e60_0, 0, 1;
    %delay 100, 0;
    %pushi/vec4 0, 0, 1;
    %store/vec4 v00000276f54a3320_0, 0, 1;
    %pushi/vec4 1, 0, 1;
    %store/vec4 v00000276f54a3280_0, 0, 1;
    %pushi/vec4 0, 0, 1;
    %store/vec4 v00000276f54a3e60_0, 0, 1;
    %delay 100, 0;
    %pushi/vec4 0, 0, 1;
    %store/vec4 v00000276f54a3320_0, 0, 1;
    %pushi/vec4 1, 0, 1;
    %store/vec4 v00000276f54a3280_0, 0, 1;
    %pushi/vec4 1, 0, 1;
    %store/vec4 v00000276f54a3e60_0, 0, 1;
    %delay 100, 0;
    %pushi/vec4 1, 0, 1;
    %store/vec4 v00000276f54a3320_0, 0, 1;
    %pushi/vec4 0, 0, 1;
    %store/vec4 v00000276f54a3280_0, 0, 1;
    %pushi/vec4 0, 0, 1;
    %store/vec4 v00000276f54a3e60_0, 0, 1;
    %delay 100, 0;
    %pushi/vec4 1, 0, 1;
    %store/vec4 v00000276f54a3320_0, 0, 1;
    %pushi/vec4 0, 0, 1;
    %store/vec4 v00000276f54a3280_0, 0, 1;
    %pushi/vec4 1, 0, 1;
    %store/vec4 v00000276f54a3e60_0, 0, 1;
    %delay 100, 0;
    %pushi/vec4 1, 0, 1;
    %store/vec4 v00000276f54a3320_0, 0, 1;
    %pushi/vec4 1, 0, 1;
    %store/vec4 v00000276f54a3280_0, 0, 1;
    %pushi/vec4 0, 0, 1;
    %store/vec4 v00000276f54a3e60_0, 0, 1;
    %delay 100, 0;
    %pushi/vec4 1, 0, 1;
    %store/vec4 v00000276f54a3320_0, 0, 1;
    %pushi/vec4 1, 0, 1;
    %store/vec4 v00000276f54a3280_0, 0, 1;
    %pushi/vec4 1, 0, 1;
    %store/vec4 v00000276f54a3e60_0, 0, 1;
    %delay 100, 0;
    %vpi_call 2 21 "$finish" {0 0 0};
    %end;
    .thread T_0;
# The file index is used to find the file name in the following table.
:file_names 4;
    "N/A";
    "<interactive>";
    "somadorcompleto_tb.v";
    "./somadorcompleto.v";
